[debug] [2024-08-31T12:13:38.553Z] ----------------------------------------------------------------------
[debug] [2024-08-31T12:13:38.555Z] Command:       C:\Program Files\nodejs\node.exe C:\Users\User\AppData\Roaming\npm\node_modules\firebase-tools\lib\bin\firebase.js deploy
[debug] [2024-08-31T12:13:38.556Z] CLI Version:   13.16.0
[debug] [2024-08-31T12:13:38.556Z] Platform:      win32
[debug] [2024-08-31T12:13:38.556Z] Node Version:  v20.17.0
[debug] [2024-08-31T12:13:38.556Z] Time:          Sat Aug 31 2024 18:13:38 GMT+0600 (Bangladesh Standard Time)
[debug] [2024-08-31T12:13:38.556Z] ----------------------------------------------------------------------
[debug] 
[debug] [2024-08-31T12:13:38.613Z] > command requires scopes: ["email","openid","https://www.googleapis.com/auth/cloudplatformprojects.readonly","https://www.googleapis.com/auth/firebase","https://www.googleapis.com/auth/cloud-platform"]
[debug] [2024-08-31T12:13:38.613Z] > authorizing via signed-in user (leonali274784@gmail.com)
[debug] [2024-08-31T12:13:38.613Z] [iam] checking project personal-portfolio-7b06f for permissions ["firebase.projects.get","firebasehosting.sites.update"]
[debug] [2024-08-31T12:13:38.615Z] >>> [apiv2][query] POST https://cloudresourcemanager.googleapis.com/v1/projects/personal-portfolio-7b06f:testIamPermissions [none]
[debug] [2024-08-31T12:13:38.615Z] >>> [apiv2][(partial)header] POST https://cloudresourcemanager.googleapis.com/v1/projects/personal-portfolio-7b06f:testIamPermissions x-goog-quota-user=projects/personal-portfolio-7b06f
[debug] [2024-08-31T12:13:38.615Z] >>> [apiv2][body] POST https://cloudresourcemanager.googleapis.com/v1/projects/personal-portfolio-7b06f:testIamPermissions {"permissions":["firebase.projects.get","firebasehosting.sites.update"]}
[debug] [2024-08-31T12:13:39.954Z] <<< [apiv2][status] POST https://cloudresourcemanager.googleapis.com/v1/projects/personal-portfolio-7b06f:testIamPermissions 200
[debug] [2024-08-31T12:13:39.954Z] <<< [apiv2][body] POST https://cloudresourcemanager.googleapis.com/v1/projects/personal-portfolio-7b06f:testIamPermissions {"permissions":["firebase.projects.get","firebasehosting.sites.update"]}
[debug] [2024-08-31T12:13:39.955Z] >>> [apiv2][query] GET https://firebase.googleapis.com/v1beta1/projects/personal-portfolio-7b06f [none]
[debug] [2024-08-31T12:13:40.461Z] <<< [apiv2][status] GET https://firebase.googleapis.com/v1beta1/projects/personal-portfolio-7b06f 200
[debug] [2024-08-31T12:13:40.461Z] <<< [apiv2][body] GET https://firebase.googleapis.com/v1beta1/projects/personal-portfolio-7b06f {"projectId":"personal-portfolio-7b06f","projectNumber":"871824701086","displayName":"Personal-Portfolio","name":"projects/personal-portfolio-7b06f","resources":{"hostingSite":"personal-portfolio-7b06f"},"state":"ACTIVE","etag":"1_4c48eeb8-91b7-4e51-ab56-a9b8e5a1265a"}
[info] 
   Thank you for trying our early preview of Next.js support on Firebase Hosting.
   During the preview, support is best-effort and breaking changes can be expected. Proceed with caution.

   Documentation: https://firebase.google.com/docs/hosting/frameworks/nextjs
   File a bug: https://github.com/firebase/firebase-tools/issues/new?template=bug_report.md
   Submit a feature request: https://github.com/firebase/firebase-tools/issues/new?template=feature_request.md

   We'd love to learn from you. Express your interest in helping us shape the future of Firebase Hosting: https://goo.gle/41enW5X

[debug] [2024-08-31T12:13:45.798Z] >>> [apiv2][query] GET https://firebasehosting.googleapis.com/v1beta1/projects/personal-portfolio-7b06f/sites/personal-portfolio-7b06f [none]
[debug] [2024-08-31T12:13:46.804Z] <<< [apiv2][status] GET https://firebasehosting.googleapis.com/v1beta1/projects/personal-portfolio-7b06f/sites/personal-portfolio-7b06f 200
[debug] [2024-08-31T12:13:46.804Z] <<< [apiv2][body] GET https://firebasehosting.googleapis.com/v1beta1/projects/personal-portfolio-7b06f/sites/personal-portfolio-7b06f {"name":"projects/personal-portfolio-7b06f/sites/personal-portfolio-7b06f","defaultUrl":"https://personal-portfolio-7b06f.web.app","appId":"1:871824701086:web:27bfe047aeced8d2312d8f","type":"DEFAULT_SITE"}
[info] - info Linting and checking validity of types...

[info] 
Failed to compile.

[info] 
./pages/about/index.js
29:11  Error: Missing "key" prop for element in array  react/jsx-key
30:11  Error: Missing "key" prop for element in array  react/jsx-key
31:11  Error: Missing "key" prop for element in array  react/jsx-key
32:11  Error: Missing "key" prop for element in array  react/jsx-key
33:11  Error: Missing "key" prop for element in array  react/jsx-key
34:11  Error: Missing "key" prop for element in array  react/jsx-key
35:11  Error: Missing "key" prop for element in array  react/jsx-key
40:17  Error: Missing "key" prop for element in array  react/jsx-key
40:30  Error: Missing "key" prop for element in array  react/jsx-key
40:45  Error: Missing "key" prop for element in array  react/jsx-key
126:76  Error: `'` can be escaped with `&apos;`, `&lsquo;`, `&#39;`, `&rsquo;`.  react/no-unescaped-entities

info  - Need to disable some ESLint rules? Learn more here: https://nextjs.org/docs/basic-features/eslint#disabling-rules

[debug] [2024-08-31T12:13:50.033Z] Error: ENOENT: no such file or directory, open 'D:\NextJs\Personal-Portfolio\.next\export-marker.json'
[error] 
[error] Error: An unexpected error has occurred.
[debug] [2024-08-31T12:18:48.190Z] ----------------------------------------------------------------------
[debug] [2024-08-31T12:18:48.192Z] Command:       C:\Program Files\nodejs\node.exe C:\Users\User\AppData\Roaming\npm\node_modules\firebase-tools\lib\bin\firebase.js deploy
[debug] [2024-08-31T12:18:48.193Z] CLI Version:   13.16.0
[debug] [2024-08-31T12:18:48.193Z] Platform:      win32
[debug] [2024-08-31T12:18:48.193Z] Node Version:  v20.17.0
[debug] [2024-08-31T12:18:48.193Z] Time:          Sat Aug 31 2024 18:18:48 GMT+0600 (Bangladesh Standard Time)
[debug] [2024-08-31T12:18:48.193Z] ----------------------------------------------------------------------
[debug] 
[debug] [2024-08-31T12:18:48.247Z] > command requires scopes: ["email","openid","https://www.googleapis.com/auth/cloudplatformprojects.readonly","https://www.googleapis.com/auth/firebase","https://www.googleapis.com/auth/cloud-platform"]
[debug] [2024-08-31T12:18:48.247Z] > authorizing via signed-in user (leonali274784@gmail.com)
[debug] [2024-08-31T12:18:48.247Z] [iam] checking project personal-portfolio-7b06f for permissions ["firebase.projects.get","firebasehosting.sites.update"]
[debug] [2024-08-31T12:18:48.249Z] >>> [apiv2][query] POST https://cloudresourcemanager.googleapis.com/v1/projects/personal-portfolio-7b06f:testIamPermissions [none]
[debug] [2024-08-31T12:18:48.249Z] >>> [apiv2][(partial)header] POST https://cloudresourcemanager.googleapis.com/v1/projects/personal-portfolio-7b06f:testIamPermissions x-goog-quota-user=projects/personal-portfolio-7b06f
[debug] [2024-08-31T12:18:48.249Z] >>> [apiv2][body] POST https://cloudresourcemanager.googleapis.com/v1/projects/personal-portfolio-7b06f:testIamPermissions {"permissions":["firebase.projects.get","firebasehosting.sites.update"]}
[debug] [2024-08-31T12:18:49.749Z] <<< [apiv2][status] POST https://cloudresourcemanager.googleapis.com/v1/projects/personal-portfolio-7b06f:testIamPermissions 200
[debug] [2024-08-31T12:18:49.749Z] <<< [apiv2][body] POST https://cloudresourcemanager.googleapis.com/v1/projects/personal-portfolio-7b06f:testIamPermissions {"permissions":["firebase.projects.get","firebasehosting.sites.update"]}
[debug] [2024-08-31T12:18:49.750Z] >>> [apiv2][query] GET https://firebase.googleapis.com/v1beta1/projects/personal-portfolio-7b06f [none]
[debug] [2024-08-31T12:18:50.435Z] <<< [apiv2][status] GET https://firebase.googleapis.com/v1beta1/projects/personal-portfolio-7b06f 200
[debug] [2024-08-31T12:18:50.435Z] <<< [apiv2][body] GET https://firebase.googleapis.com/v1beta1/projects/personal-portfolio-7b06f {"projectId":"personal-portfolio-7b06f","projectNumber":"871824701086","displayName":"Personal-Portfolio","name":"projects/personal-portfolio-7b06f","resources":{"hostingSite":"personal-portfolio-7b06f"},"state":"ACTIVE","etag":"1_4c48eeb8-91b7-4e51-ab56-a9b8e5a1265a"}
[info] 
   Thank you for trying our early preview of Next.js support on Firebase Hosting.
   During the preview, support is best-effort and breaking changes can be expected. Proceed with caution.

   Documentation: https://firebase.google.com/docs/hosting/frameworks/nextjs
   File a bug: https://github.com/firebase/firebase-tools/issues/new?template=bug_report.md
   Submit a feature request: https://github.com/firebase/firebase-tools/issues/new?template=feature_request.md

   We'd love to learn from you. Express your interest in helping us shape the future of Firebase Hosting: https://goo.gle/41enW5X

[debug] [2024-08-31T12:18:55.770Z] >>> [apiv2][query] GET https://firebasehosting.googleapis.com/v1beta1/projects/personal-portfolio-7b06f/sites/personal-portfolio-7b06f [none]
[debug] [2024-08-31T12:18:56.806Z] <<< [apiv2][status] GET https://firebasehosting.googleapis.com/v1beta1/projects/personal-portfolio-7b06f/sites/personal-portfolio-7b06f 200
[debug] [2024-08-31T12:18:56.807Z] <<< [apiv2][body] GET https://firebasehosting.googleapis.com/v1beta1/projects/personal-portfolio-7b06f/sites/personal-portfolio-7b06f {"name":"projects/personal-portfolio-7b06f/sites/personal-portfolio-7b06f","defaultUrl":"https://personal-portfolio-7b06f.web.app","appId":"1:871824701086:web:27bfe047aeced8d2312d8f","type":"DEFAULT_SITE"}
[info] - info Linting and checking validity of types...

[info] 
Failed to compile.

[info] 
./pages/about/index.js
126:76  Error: `'` can be escaped with `&apos;`, `&lsquo;`, `&#39;`, `&rsquo;`.  react/no-unescaped-entities

info  - Need to disable some ESLint rules? Learn more here: https://nextjs.org/docs/basic-features/eslint#disabling-rules

[debug] [2024-08-31T12:18:59.749Z] Error: ENOENT: no such file or directory, open 'D:\NextJs\Personal-Portfolio\.next\export-marker.json'
[error] 
[error] Error: An unexpected error has occurred.
[debug] [2024-08-31T12:19:17.799Z] ----------------------------------------------------------------------
[debug] [2024-08-31T12:19:17.801Z] Command:       C:\Program Files\nodejs\node.exe C:\Users\User\AppData\Roaming\npm\node_modules\firebase-tools\lib\bin\firebase.js deploy
[debug] [2024-08-31T12:19:17.801Z] CLI Version:   13.16.0
[debug] [2024-08-31T12:19:17.802Z] Platform:      win32
[debug] [2024-08-31T12:19:17.802Z] Node Version:  v20.17.0
[debug] [2024-08-31T12:19:17.802Z] Time:          Sat Aug 31 2024 18:19:17 GMT+0600 (Bangladesh Standard Time)
[debug] [2024-08-31T12:19:17.802Z] ----------------------------------------------------------------------
[debug] 
[debug] [2024-08-31T12:19:17.858Z] > command requires scopes: ["email","openid","https://www.googleapis.com/auth/cloudplatformprojects.readonly","https://www.googleapis.com/auth/firebase","https://www.googleapis.com/auth/cloud-platform"]
[debug] [2024-08-31T12:19:17.858Z] > authorizing via signed-in user (leonali274784@gmail.com)
[debug] [2024-08-31T12:19:17.858Z] [iam] checking project personal-portfolio-7b06f for permissions ["firebase.projects.get","firebasehosting.sites.update"]
[debug] [2024-08-31T12:19:17.860Z] >>> [apiv2][query] POST https://cloudresourcemanager.googleapis.com/v1/projects/personal-portfolio-7b06f:testIamPermissions [none]
[debug] [2024-08-31T12:19:17.860Z] >>> [apiv2][(partial)header] POST https://cloudresourcemanager.googleapis.com/v1/projects/personal-portfolio-7b06f:testIamPermissions x-goog-quota-user=projects/personal-portfolio-7b06f
[debug] [2024-08-31T12:19:17.860Z] >>> [apiv2][body] POST https://cloudresourcemanager.googleapis.com/v1/projects/personal-portfolio-7b06f:testIamPermissions {"permissions":["firebase.projects.get","firebasehosting.sites.update"]}
[debug] [2024-08-31T12:19:19.203Z] <<< [apiv2][status] POST https://cloudresourcemanager.googleapis.com/v1/projects/personal-portfolio-7b06f:testIamPermissions 200
[debug] [2024-08-31T12:19:19.203Z] <<< [apiv2][body] POST https://cloudresourcemanager.googleapis.com/v1/projects/personal-portfolio-7b06f:testIamPermissions {"permissions":["firebase.projects.get","firebasehosting.sites.update"]}
[debug] [2024-08-31T12:19:19.204Z] >>> [apiv2][query] GET https://firebase.googleapis.com/v1beta1/projects/personal-portfolio-7b06f [none]
[debug] [2024-08-31T12:19:19.678Z] <<< [apiv2][status] GET https://firebase.googleapis.com/v1beta1/projects/personal-portfolio-7b06f 200
[debug] [2024-08-31T12:19:19.678Z] <<< [apiv2][body] GET https://firebase.googleapis.com/v1beta1/projects/personal-portfolio-7b06f {"projectId":"personal-portfolio-7b06f","projectNumber":"871824701086","displayName":"Personal-Portfolio","name":"projects/personal-portfolio-7b06f","resources":{"hostingSite":"personal-portfolio-7b06f"},"state":"ACTIVE","etag":"1_4c48eeb8-91b7-4e51-ab56-a9b8e5a1265a"}
[info] 
   Thank you for trying our early preview of Next.js support on Firebase Hosting.
   During the preview, support is best-effort and breaking changes can be expected. Proceed with caution.

   Documentation: https://firebase.google.com/docs/hosting/frameworks/nextjs
   File a bug: https://github.com/firebase/firebase-tools/issues/new?template=bug_report.md
   Submit a feature request: https://github.com/firebase/firebase-tools/issues/new?template=feature_request.md

   We'd love to learn from you. Express your interest in helping us shape the future of Firebase Hosting: https://goo.gle/41enW5X

[debug] [2024-08-31T12:19:24.991Z] >>> [apiv2][query] GET https://firebasehosting.googleapis.com/v1beta1/projects/personal-portfolio-7b06f/sites/personal-portfolio-7b06f [none]
[debug] [2024-08-31T12:19:25.896Z] <<< [apiv2][status] GET https://firebasehosting.googleapis.com/v1beta1/projects/personal-portfolio-7b06f/sites/personal-portfolio-7b06f 200
[debug] [2024-08-31T12:19:25.896Z] <<< [apiv2][body] GET https://firebasehosting.googleapis.com/v1beta1/projects/personal-portfolio-7b06f/sites/personal-portfolio-7b06f {"name":"projects/personal-portfolio-7b06f/sites/personal-portfolio-7b06f","defaultUrl":"https://personal-portfolio-7b06f.web.app","appId":"1:871824701086:web:27bfe047aeced8d2312d8f","type":"DEFAULT_SITE"}
[info] - info Linting and checking validity of types...

[info] - info Creating an optimized production build...

[info] Failed to compile.


[info] ./pages/services/index.js
Module not found: Can't resolve '../. ./components/Bulb'

https://nextjs.org/docs/messages/module-not-found


> Build failed because of webpack errors

[debug] [2024-08-31T12:19:32.337Z] Error: ENOENT: no such file or directory, open 'D:\NextJs\Personal-Portfolio\.next\export-marker.json'
[error] 
[error] Error: An unexpected error has occurred.
